c:\users\wine\source\repos\dll3\dll3\x64\debug\vc143.pdb
c:\users\wine\source\repos\dll3\dll3\x64\debug\vc143.idb
c:\users\wine\source\repos\dll3\dll3\x64\debug\dllmain.obj
c:\users\wine\source\repos\dll3\dll3\x64\debug\imgui\imgui_widgets.obj
c:\users\wine\source\repos\dll3\dll3\x64\debug\imgui\imgui_tables.obj
c:\users\wine\source\repos\dll3\dll3\x64\debug\imgui\imgui_impl_win32.obj
c:\users\wine\source\repos\dll3\dll3\x64\debug\imgui\imgui_impl_dx11.obj
c:\users\wine\source\repos\dll3\dll3\x64\debug\imgui\imgui_draw.obj
c:\users\wine\source\repos\dll3\dll3\x64\debug\imgui\imgui_demo.obj
c:\users\wine\source\repos\dll3\dll3\x64\debug\imgui\imgui.obj
c:\users\wine\source\repos\dll3\dll3\x64\debug\render\utils\gui.obj
c:\users\wine\source\repos\dll3\dll3\x64\debug\render\utils\colors.obj
c:\users\wine\source\repos\dll3\dll3\x64\debug\utils\console.obj
c:\users\wine\source\repos\dll3\dll3\x64\debug\utils\pattern_scan\pattern_scan.obj
c:\users\wine\source\repos\dll3\dll3\x64\debug\hooks\game_overlay.obj
c:\users\wine\source\repos\dll3\dll3\x64\debug\math\world_to_screen.obj
c:\users\wine\source\repos\dll3\dll3\x64\debug\render\menu\menu.obj
c:\users\wine\source\repos\dll3\dll3\x64\debug\sdk\entities\playerpawn.obj
c:\users\wine\source\repos\dll3\dll3\x64\debug\sdk\interfaces\view_matrix.obj
c:\users\wine\source\repos\dll3\dll3\x64\debug\sdk\interfaces\cgameentitysystem.obj
c:\users\wine\source\repos\dll3\dll3\x64\debug\render\render.obj
c:\users\wine\source\repos\dll3\x64\debug\dll3.dll
c:\users\wine\source\repos\dll3\x64\debug\dll3.pdb
c:\users\wine\source\repos\dll3\dll3\x64\debug\dll3.ilk
c:\users\wine\source\repos\dll3\dll3\x64\debug\dll3.tlog\cl.command.1.tlog
c:\users\wine\source\repos\dll3\dll3\x64\debug\dll3.tlog\cl.items.tlog
c:\users\wine\source\repos\dll3\dll3\x64\debug\dll3.tlog\cl.read.1.tlog
c:\users\wine\source\repos\dll3\dll3\x64\debug\dll3.tlog\cl.write.1.tlog
c:\users\wine\source\repos\dll3\dll3\x64\debug\dll3.tlog\link.command.1.tlog
c:\users\wine\source\repos\dll3\dll3\x64\debug\dll3.tlog\link.read.1.tlog
c:\users\wine\source\repos\dll3\dll3\x64\debug\dll3.tlog\link.secondary.1.tlog
c:\users\wine\source\repos\dll3\dll3\x64\debug\dll3.tlog\link.write.1.tlog
