C:\Program Files\Microsoft Visual Studio\18\Community\MSBuild\Microsoft\VC\v170\Microsoft.CppBuild.targets(538,5): warning MSB8028: The intermediate directory (x64\Debug\) contains files shared from another project (Dll3.vcxproj).  This can lead to incorrect clean and rebuild behavior.
  dllmain.cpp
  game_overlay.cpp
  imgui.cpp
  imgui_demo.cpp
  imgui_draw.cpp
  imgui_impl_dx11.cpp
  imgui_impl_win32.cpp
  imgui_tables.cpp
  imgui_widgets.cpp
  Generating Code...
  world_to_screen.cpp
  visuals.cpp
  menu.cpp
  render.cpp
  colors.cpp
  gui.cpp
  Generating Code...
C:\Users\Administrator\source\repos\Shade\Shade\render\utils\colors.cpp(23,1): warning C4172: returning address of local variable or temporary 
  PlayerPawn.cpp
C:\Users\Administrator\source\repos\Shade\Shade\sdk\entities\PlayerPawn.cpp(50,51): warning C4267: 'argument': conversion from 'size_t' to 'int', possible loss of data
  CBone.cpp
  CGameEntitySystem.cpp
  view_matrix.cpp
C:\Users\Administrator\source\repos\Shade\Shade\sdk\interfaces\view_matrix.cpp(9,2): warning C4477: 'printf' : format string '%p' requires an argument of type 'void *', but variadic argument 1 has type 'uintptr_t'
  Generating Code...
  console.cpp
  pattern_scan.cpp
  Shade.vcxproj -> C:\Users\Administrator\source\repos\Shade\x64\Debug\Shade.dll
